<?xml version="1.0" encoding="UTF-8"?>
<!-- Generated by org.testng.reporters.JUnitReportReporter -->
<testsuite hostname="DESKTOP-02SBHH8" failures="0" tests="1" name="practice.test" time="13.607" errors="0" timestamp="2023-02-08T11:36:50 IST" skipped="0">
  <testcase classname="practice.test" name="i_want_to_write_a_step_with_precondition" time="13.607"/>
  <system-out/>
</testsuite> <!-- practice.test -->
