<?xml version="1.0" encoding="UTF-8"?>
<!-- Generated by org.testng.reporters.JUnitReportReporter -->
<testsuite hostname="DESKTOP-02SBHH8" failures="0" tests="1" name="DataDrivenEg.CorrectUserName" time="4.606" errors="0" timestamp="2023-02-09T18:23:49 IST" skipped="0">
  <testcase classname="DataDrivenEg.CorrectUserName" name="loginCorrectUserName" time="4.606"/>
  <system-out/>
</testsuite> <!-- DataDrivenEg.CorrectUserName -->
