<?xml version="1.0" encoding="UTF-8"?>
<!-- Generated by org.testng.reporters.JUnitReportReporter -->
<testsuite hostname="DESKTOP-02SBHH8" failures="0" tests="1" name="TestCases.LoginTestCase" time="11.443" errors="0" timestamp="2023-02-13T16:53:06 IST" skipped="0">
  <testcase classname="TestCases.LoginTestCase" name="login" time="11.443"/>
  <system-out/>
</testsuite> <!-- TestCases.LoginTestCase -->
