<?xml version="1.0" encoding="UTF-8"?>
<!-- Generated by org.testng.reporters.JUnitReportReporter -->
<testsuite hostname="DESKTOP-02SBHH8" failures="0" tests="1" name="TestCases.UpdateProfile" time="17.267" errors="0" timestamp="2023-02-13T18:47:26 IST" skipped="0">
  <testcase classname="TestCases.UpdateProfile" name="login" time="17.267"/>
  <system-out/>
</testsuite> <!-- TestCases.UpdateProfile -->
