<?xml version="1.0" encoding="UTF-8"?>
<!-- Generated by org.testng.reporters.JUnitReportReporter -->
<testsuite hostname="DESKTOP-02SBHH8" failures="0" tests="4" name="DataProvidersTestNG.Login" time="26.273" errors="0" timestamp="2023-02-10T12:56:56 IST" skipped="0">
  <testcase classname="DataProvidersTestNG.Login" name="loginBothCorrect" time="7.079"/>
  <system-out/>
  <testcase classname="DataProvidersTestNG.Login" name="loginBothCorrect" time="4.360"/>
  <system-out/>
  <testcase classname="DataProvidersTestNG.Login" name="loginBothCorrect" time="5.580"/>
  <system-out/>
  <testcase classname="DataProvidersTestNG.Login" name="loginBothCorrect" time="9.254"/>
  <system-out/>
</testsuite> <!-- DataProvidersTestNG.Login -->
