<?xml version="1.0" encoding="UTF-8"?>
<!-- Generated by org.testng.reporters.JUnitReportReporter -->
<testsuite hostname="DESKTOP-02SBHH8" failures="0" tests="1" name="DataProvidersTestNG.LoginwithExcel" time="0.000" errors="0" timestamp="2023-02-10T16:29:01 IST" skipped="1">
  <testcase classname="DataProvidersTestNG.LoginwithExcel" name="loginBothCorrect" time="0.000">
    <skipped/>
  </testcase> <!-- loginBothCorrect -->
  <system-out/>
</testsuite> <!-- DataProvidersTestNG.LoginwithExcel -->
